<?xml version="1.0" encoding="UTF-8"?>
<testsuite name="ru.mytest.addressbook.tests.GroupModificationTests" tests="1" skipped="0" failures="0" errors="0" timestamp="2018-12-21T14:43:32" hostname="DESKTOP-DESA7NM" time="7.752">
  <properties/>
  <testcase name="testGroupModification" classname="ru.mytest.addressbook.tests.GroupModificationTests" time="7.752"/>
  <system-out><![CDATA[19:43:30.641 [Test worker] INFO  ru.mytest.addressbook.tests.TestBase - Start test testGroupModification with parameters []
19:43:31.484 [Test worker] INFO  o.h.h.i.QueryTranslatorFactoryInitiator - HHH000397: Using ASTQueryTranslatorFactory
Hibernate: select groupdata0_.group_id as group_id1_2_, groupdata0_.group_footer as group_fo2_2_, groupdata0_.group_header as group_he3_2_, groupdata0_.group_name as group_na4_2_ from group_list groupdata0_
Hibernate: select contacts0_.group_id as group_id2_0_0_, contacts0_.id as id1_0_0_, contactdat1_.id as id1_1_1_, contactdat1_.address as address2_1_1_, contactdat1_.company as company3_1_1_, contactdat1_.email as email4_1_1_, contactdat1_.email2 as email5_1_1_, contactdat1_.email3 as email6_1_1_, contactdat1_.firstname as firstnam7_1_1_, contactdat1_.home as home8_1_1_, contactdat1_.lastname as lastname9_1_1_, contactdat1_.mobile as mobile10_1_1_, contactdat1_.nickname as nicknam11_1_1_, contactdat1_.title as title12_1_1_, contactdat1_.work as work13_1_1_, contactdat1_.photo as photo14_1_1_ from address_in_groups contacts0_ inner join addressbook contactdat1_ on contacts0_.id=contactdat1_.id where contacts0_.group_id=?
Hibernate: select contacts0_.group_id as group_id2_0_0_, contacts0_.id as id1_0_0_, contactdat1_.id as id1_1_1_, contactdat1_.address as address2_1_1_, contactdat1_.company as company3_1_1_, contactdat1_.email as email4_1_1_, contactdat1_.email2 as email5_1_1_, contactdat1_.email3 as email6_1_1_, contactdat1_.firstname as firstnam7_1_1_, contactdat1_.home as home8_1_1_, contactdat1_.lastname as lastname9_1_1_, contactdat1_.mobile as mobile10_1_1_, contactdat1_.nickname as nicknam11_1_1_, contactdat1_.title as title12_1_1_, contactdat1_.work as work13_1_1_, contactdat1_.photo as photo14_1_1_ from address_in_groups contacts0_ inner join addressbook contactdat1_ on contacts0_.id=contactdat1_.id where contacts0_.group_id=?
Hibernate: select contacts0_.group_id as group_id2_0_0_, contacts0_.id as id1_0_0_, contactdat1_.id as id1_1_1_, contactdat1_.address as address2_1_1_, contactdat1_.company as company3_1_1_, contactdat1_.email as email4_1_1_, contactdat1_.email2 as email5_1_1_, contactdat1_.email3 as email6_1_1_, contactdat1_.firstname as firstnam7_1_1_, contactdat1_.home as home8_1_1_, contactdat1_.lastname as lastname9_1_1_, contactdat1_.mobile as mobile10_1_1_, contactdat1_.nickname as nicknam11_1_1_, contactdat1_.title as title12_1_1_, contactdat1_.work as work13_1_1_, contactdat1_.photo as photo14_1_1_ from address_in_groups contacts0_ inner join addressbook contactdat1_ on contacts0_.id=contactdat1_.id where contacts0_.group_id=?
Hibernate: select groupdata0_.group_id as group_id1_2_, groupdata0_.group_footer as group_fo2_2_, groupdata0_.group_header as group_he3_2_, groupdata0_.group_name as group_na4_2_ from group_list groupdata0_
Hibernate: select contacts0_.group_id as group_id2_0_0_, contacts0_.id as id1_0_0_, contactdat1_.id as id1_1_1_, contactdat1_.address as address2_1_1_, contactdat1_.company as company3_1_1_, contactdat1_.email as email4_1_1_, contactdat1_.email2 as email5_1_1_, contactdat1_.email3 as email6_1_1_, contactdat1_.firstname as firstnam7_1_1_, contactdat1_.home as home8_1_1_, contactdat1_.lastname as lastname9_1_1_, contactdat1_.mobile as mobile10_1_1_, contactdat1_.nickname as nicknam11_1_1_, contactdat1_.title as title12_1_1_, contactdat1_.work as work13_1_1_, contactdat1_.photo as photo14_1_1_ from address_in_groups contacts0_ inner join addressbook contactdat1_ on contacts0_.id=contactdat1_.id where contacts0_.group_id=?
Hibernate: select contacts0_.group_id as group_id2_0_0_, contacts0_.id as id1_0_0_, contactdat1_.id as id1_1_1_, contactdat1_.address as address2_1_1_, contactdat1_.company as company3_1_1_, contactdat1_.email as email4_1_1_, contactdat1_.email2 as email5_1_1_, contactdat1_.email3 as email6_1_1_, contactdat1_.firstname as firstnam7_1_1_, contactdat1_.home as home8_1_1_, contactdat1_.lastname as lastname9_1_1_, contactdat1_.mobile as mobile10_1_1_, contactdat1_.nickname as nicknam11_1_1_, contactdat1_.title as title12_1_1_, contactdat1_.work as work13_1_1_, contactdat1_.photo as photo14_1_1_ from address_in_groups contacts0_ inner join addressbook contactdat1_ on contacts0_.id=contactdat1_.id where contacts0_.group_id=?
Hibernate: select contacts0_.group_id as group_id2_0_0_, contacts0_.id as id1_0_0_, contactdat1_.id as id1_1_1_, contactdat1_.address as address2_1_1_, contactdat1_.company as company3_1_1_, contactdat1_.email as email4_1_1_, contactdat1_.email2 as email5_1_1_, contactdat1_.email3 as email6_1_1_, contactdat1_.firstname as firstnam7_1_1_, contactdat1_.home as home8_1_1_, contactdat1_.lastname as lastname9_1_1_, contactdat1_.mobile as mobile10_1_1_, contactdat1_.nickname as nicknam11_1_1_, contactdat1_.title as title12_1_1_, contactdat1_.work as work13_1_1_, contactdat1_.photo as photo14_1_1_ from address_in_groups contacts0_ inner join addressbook contactdat1_ on contacts0_.id=contactdat1_.id where contacts0_.group_id=?
Hibernate: select groupdata0_.group_id as group_id1_2_, groupdata0_.group_footer as group_fo2_2_, groupdata0_.group_header as group_he3_2_, groupdata0_.group_name as group_na4_2_ from group_list groupdata0_
Hibernate: select contacts0_.group_id as group_id2_0_0_, contacts0_.id as id1_0_0_, contactdat1_.id as id1_1_1_, contactdat1_.address as address2_1_1_, contactdat1_.company as company3_1_1_, contactdat1_.email as email4_1_1_, contactdat1_.email2 as email5_1_1_, contactdat1_.email3 as email6_1_1_, contactdat1_.firstname as firstnam7_1_1_, contactdat1_.home as home8_1_1_, contactdat1_.lastname as lastname9_1_1_, contactdat1_.mobile as mobile10_1_1_, contactdat1_.nickname as nicknam11_1_1_, contactdat1_.title as title12_1_1_, contactdat1_.work as work13_1_1_, contactdat1_.photo as photo14_1_1_ from address_in_groups contacts0_ inner join addressbook contactdat1_ on contacts0_.id=contactdat1_.id where contacts0_.group_id=?
Hibernate: select contacts0_.group_id as group_id2_0_0_, contacts0_.id as id1_0_0_, contactdat1_.id as id1_1_1_, contactdat1_.address as address2_1_1_, contactdat1_.company as company3_1_1_, contactdat1_.email as email4_1_1_, contactdat1_.email2 as email5_1_1_, contactdat1_.email3 as email6_1_1_, contactdat1_.firstname as firstnam7_1_1_, contactdat1_.home as home8_1_1_, contactdat1_.lastname as lastname9_1_1_, contactdat1_.mobile as mobile10_1_1_, contactdat1_.nickname as nicknam11_1_1_, contactdat1_.title as title12_1_1_, contactdat1_.work as work13_1_1_, contactdat1_.photo as photo14_1_1_ from address_in_groups contacts0_ inner join addressbook contactdat1_ on contacts0_.id=contactdat1_.id where contacts0_.group_id=?
Hibernate: select contacts0_.group_id as group_id2_0_0_, contacts0_.id as id1_0_0_, contactdat1_.id as id1_1_1_, contactdat1_.address as address2_1_1_, contactdat1_.company as company3_1_1_, contactdat1_.email as email4_1_1_, contactdat1_.email2 as email5_1_1_, contactdat1_.email3 as email6_1_1_, contactdat1_.firstname as firstnam7_1_1_, contactdat1_.home as home8_1_1_, contactdat1_.lastname as lastname9_1_1_, contactdat1_.mobile as mobile10_1_1_, contactdat1_.nickname as nicknam11_1_1_, contactdat1_.title as title12_1_1_, contactdat1_.work as work13_1_1_, contactdat1_.photo as photo14_1_1_ from address_in_groups contacts0_ inner join addressbook contactdat1_ on contacts0_.id=contactdat1_.id where contacts0_.group_id=?
]]></system-out>
  <system-err><![CDATA[]]></system-err>
</testsuite>
