<?xml version="1.0" encoding="UTF-8"?>
<testsuite name="ru.mytest.addressbook.tests.GroupDeletionTests" tests="1" skipped="0" failures="0" errors="0" timestamp="2018-11-21T18:46:21" hostname="DESKTOP-DESA7NM" time="3.375">
  <properties/>
  <testcase name="testGroupDeletion" classname="ru.mytest.addressbook.tests.GroupDeletionTests" time="3.375"/>
  <system-out><![CDATA[]]></system-out>
  <system-err><![CDATA[]]></system-err>
</testsuite>
