<?xml version="1.0" encoding="UTF-8"?>
<testsuite name="ru.mytest.addressbook.tests.ContactPhoneTests" tests="1" skipped="0" failures="0" errors="0" timestamp="2018-11-21T17:25:38" hostname="DESKTOP-DESA7NM" time="1.136">
  <properties/>
  <testcase name="testContactPhones" classname="ru.mytest.addressbook.tests.ContactPhoneTests" time="1.136"/>
  <system-out><![CDATA[]]></system-out>
  <system-err><![CDATA[console.error: BroadcastService: 
  receivedBroadcastMessage: handler for
  remote-settings/monitor_changes
  threw error:
  Message: Error: Polling for changes failed: NetworkError when attempting to fetch resource..
  Stack:
    remoteSettingsFunction/remoteSettings.pollChanges@resource://services-settings/remote-settings.js:721:13

]]></system-err>
</testsuite>
